This file contains any messages produced by compilers while
running configure, to aid debugging if configure makes a mistake.

It was created by configure, which was
generated by GNU Autoconf 2.61.  Invocation command line was

  $ ./configure 

## --------- ##
## Platform. ##
## --------- ##

hostname = archlinux
uname -m = x86_64
uname -r = 4.3.3-3-ARCH
uname -s = Linux
uname -v = #1 SMP PREEMPT Wed Jan 20 08:12:23 CET 2016

/usr/bin/uname -p = unknown
/bin/uname -X     = unknown

/bin/arch              = unknown
/usr/bin/arch -k       = unknown
/usr/convex/getsysinfo = unknown
/usr/bin/hostinfo      = unknown
/bin/machine           = unknown
/usr/bin/oslevel       = unknown
/bin/universe          = unknown

PATH: /usr/local/sbin
PATH: /usr/local/bin
PATH: /usr/bin
PATH: /usr/bin/site_perl
PATH: /usr/bin/vendor_perl
PATH: /usr/bin/core_perl
PATH: /home/imanex/source/ktx-src
PATH: ./lcc
PATH: ./q3asm


## ----------- ##
## Core tests. ##
## ----------- ##

configure:1713: checking for gcc
configure:1729: found /usr/bin/gcc
configure:1740: result: gcc
configure:1978: checking for C compiler version
configure:1985: gcc --version >&5
gcc (GCC) 5.3.0
Copyright (C) 2015 Free Software Foundation, Inc.
This is free software; see the source for copying conditions.  There is NO
warranty; not even for MERCHANTABILITY or FITNESS FOR A PARTICULAR PURPOSE.

configure:1988: $? = 0
configure:1995: gcc -v >&5
Using built-in specs.
COLLECT_GCC=gcc
COLLECT_LTO_WRAPPER=/usr/lib/gcc/x86_64-unknown-linux-gnu/5.3.0/lto-wrapper
Target: x86_64-unknown-linux-gnu
Configured with: /build/gcc/src/gcc-5.3.0/configure --prefix=/usr --libdir=/usr/lib --libexecdir=/usr/lib --mandir=/usr/share/man --infodir=/usr/share/info --with-bugurl=https://bugs.archlinux.org/ --enable-languages=c,c++,ada,fortran,go,lto,objc,obj-c++ --enable-shared --enable-threads=posix --enable-libmpx --with-system-zlib --with-isl --enable-__cxa_atexit --disable-libunwind-exceptions --enable-clocale=gnu --disable-libstdcxx-pch --disable-libssp --enable-gnu-unique-object --enable-linker-build-id --enable-lto --enable-plugin --enable-install-libiberty --with-linker-hash-style=gnu --enable-gnu-indirect-function --disable-multilib --disable-werror --enable-checking=release
Thread model: posix
gcc version 5.3.0 (GCC) 
configure:1998: $? = 0
configure:2005: gcc -V >&5
gcc: error: unrecognized command line option '-V'
gcc: fatal error: no input files
compilation terminated.
configure:2008: $? = 1
configure:2031: checking for C compiler default output file name
configure:2058: gcc    conftest.c  >&5
configure:2061: $? = 0
configure:2099: result: a.out
configure:2116: checking whether the C compiler works
configure:2126: ./a.out
configure:2129: $? = 0
configure:2146: result: yes
configure:2153: checking whether we are cross compiling
configure:2155: result: no
configure:2158: checking for suffix of executables
configure:2165: gcc -o conftest    conftest.c  >&5
configure:2168: $? = 0
configure:2192: result: 
configure:2198: checking for suffix of object files
configure:2224: gcc -c   conftest.c >&5
configure:2227: $? = 0
configure:2250: result: o
configure:2254: checking whether we are using the GNU C compiler
configure:2283: gcc -c   conftest.c >&5
configure:2289: $? = 0
configure:2306: result: yes
configure:2311: checking whether gcc accepts -g
configure:2341: gcc -c -g  conftest.c >&5
configure:2347: $? = 0
configure:2446: result: yes
configure:2463: checking for gcc option to accept ISO C89
configure:2537: gcc  -c -g -O2  conftest.c >&5
configure:2543: $? = 0
configure:2566: result: none needed
configure:2585: checking for library containing strerror
configure:2626: gcc -o conftest -g -O2   conftest.c  >&5
configure:2632: $? = 0
configure:2660: result: none required
configure:2705: checking build system type
configure:2723: result: x86_64-unknown-linux-gnu
configure:2745: checking host system type
configure:2760: result: x86_64-unknown-linux-gnu
configure:2782: checking target system type
configure:2797: result: x86_64-unknown-linux-gnu
configure:2830: checking how to run the C preprocessor
configure:2870: gcc -E  conftest.c
configure:2876: $? = 0
configure:2907: gcc -E  conftest.c
conftest.c:8:28: fatal error: ac_nonexistent.h: No such file or directory
compilation terminated.
configure:2913: $? = 1
configure: failed program was:
| /* confdefs.h.  */
| #define PACKAGE_NAME ""
| #define PACKAGE_TARNAME ""
| #define PACKAGE_VERSION ""
| #define PACKAGE_STRING ""
| #define PACKAGE_BUGREPORT ""
| /* end confdefs.h.  */
| #include <ac_nonexistent.h>
configure:2946: result: gcc -E
configure:2975: gcc -E  conftest.c
configure:2981: $? = 0
configure:3012: gcc -E  conftest.c
conftest.c:8:28: fatal error: ac_nonexistent.h: No such file or directory
compilation terminated.
configure:3018: $? = 1
configure: failed program was:
| /* confdefs.h.  */
| #define PACKAGE_NAME ""
| #define PACKAGE_TARNAME ""
| #define PACKAGE_VERSION ""
| #define PACKAGE_STRING ""
| #define PACKAGE_BUGREPORT ""
| /* end confdefs.h.  */
| #include <ac_nonexistent.h>
configure:3056: checking for grep that handles long lines and -e
configure:3130: result: /usr/bin/grep
configure:3135: checking for egrep
configure:3213: result: /usr/bin/grep -E
configure:3219: checking for AIX
configure:3241: result: no
configure:3247: checking whether make sets $(MAKE)
configure:3268: result: yes
configure:3279: checking for q3lcc
configure:3297: found ./lcc/q3lcc
configure:3309: result: ./lcc/q3lcc
configure:3319: checking for q3asm
configure:3337: found ./q3asm/q3asm
configure:3349: result: ./q3asm/q3asm
configure:3359: checking for rm
configure:3377: found /usr/bin/rm
configure:3389: result: /usr/bin/rm
configure:3399: checking for mkdep
configure:3432: result: no
configure:3439: checking for mkdir
configure:3457: found /usr/bin/mkdir
configure:3469: result: /usr/bin/mkdir
configure:3490: checking for a BSD-compatible install
configure:3546: result: /usr/bin/install -c
configure:3558: checking for ANSI C header files
configure:3588: gcc -c -g -O2  conftest.c >&5
configure:3594: $? = 0
configure:3693: gcc -o conftest -g -O2   conftest.c  >&5
configure:3696: $? = 0
configure:3702: ./conftest
configure:3705: $? = 0
configure:3722: result: yes
configure:3734: checking whether gcc needs -traditional
configure:3776: result: no
configure:3916: creating ./config.status

## ---------------------- ##
## Running config.status. ##
## ---------------------- ##

This file was extended by config.status, which was
generated by GNU Autoconf 2.61.  Invocation command line was

  CONFIG_FILES    = 
  CONFIG_HEADERS  = 
  CONFIG_LINKS    = 
  CONFIG_COMMANDS = 
  $ ./config.status 

on archlinux

config.status:599: creating Makefile
config.status:599: creating src/Makefile.dl
config.status:599: creating src/Makefile.dl32
config.status:599: creating src/Makefile.vm

## ---------------- ##
## Cache variables. ##
## ---------------- ##

ac_cv_build=x86_64-unknown-linux-gnu
ac_cv_c_compiler_gnu=yes
ac_cv_env_CC_set=
ac_cv_env_CC_value=
ac_cv_env_CFLAGS_set=
ac_cv_env_CFLAGS_value=
ac_cv_env_CPPFLAGS_set=
ac_cv_env_CPPFLAGS_value=
ac_cv_env_CPP_set=
ac_cv_env_CPP_value=
ac_cv_env_LDFLAGS_set=
ac_cv_env_LDFLAGS_value=
ac_cv_env_LIBS_set=
ac_cv_env_LIBS_value=
ac_cv_env_build_alias_set=
ac_cv_env_build_alias_value=
ac_cv_env_host_alias_set=
ac_cv_env_host_alias_value=
ac_cv_env_target_alias_set=
ac_cv_env_target_alias_value=
ac_cv_header_stdc=yes
ac_cv_host=x86_64-unknown-linux-gnu
ac_cv_objext=o
ac_cv_path_EGREP='/usr/bin/grep -E'
ac_cv_path_GREP=/usr/bin/grep
ac_cv_path_LCC=./lcc/q3lcc
ac_cv_path_MKDIR=/usr/bin/mkdir
ac_cv_path_Q3ASM=./q3asm/q3asm
ac_cv_path_RM=/usr/bin/rm
ac_cv_path_install='/usr/bin/install -c'
ac_cv_prog_CPP='gcc -E'
ac_cv_prog_ac_ct_CC=gcc
ac_cv_prog_cc_c89=
ac_cv_prog_cc_g=yes
ac_cv_prog_gcc_traditional=no
ac_cv_prog_make_make_set=yes
ac_cv_search_strerror='none required'
ac_cv_target=x86_64-unknown-linux-gnu

## ----------------- ##
## Output variables. ##
## ----------------- ##

CC='gcc'
CFLAGS='-g -O2'
CPP='gcc -E'
CPPFLAGS=''
DEFS='-DPACKAGE_NAME=\"\" -DPACKAGE_TARNAME=\"\" -DPACKAGE_VERSION=\"\" -DPACKAGE_STRING=\"\" -DPACKAGE_BUGREPORT=\"\" -DSTDC_HEADERS=1'
ECHO_C=''
ECHO_N='-n'
ECHO_T=''
EGREP='/usr/bin/grep -E'
EXEEXT=''
GREP='/usr/bin/grep'
INSTALL_DATA='${INSTALL} -m 644'
INSTALL_PROGRAM='${INSTALL}'
INSTALL_SCRIPT='${INSTALL}'
LCC='./lcc/q3lcc'
LDFLAGS=''
LIBOBJS=''
LIBS=''
LTLIBOBJS=''
MKDEP=''
MKDIR='/usr/bin/mkdir'
OBJEXT='o'
PACKAGE_BUGREPORT=''
PACKAGE_NAME=''
PACKAGE_STRING=''
PACKAGE_TARNAME=''
PACKAGE_VERSION=''
PATH_SEPARATOR=':'
Q3ASM='./q3asm/q3asm'
RM='/usr/bin/rm'
SET_MAKE=''
SHELL='/bin/sh'
ac_ct_CC='gcc'
bindir='${exec_prefix}/bin'
build='x86_64-unknown-linux-gnu'
build_alias=''
build_cpu='x86_64'
build_os='linux-gnu'
build_vendor='unknown'
datadir='${datarootdir}'
datarootdir='${prefix}/share'
docdir='${datarootdir}/doc/${PACKAGE}'
dvidir='${docdir}'
exec_prefix='${prefix}'
host='x86_64-unknown-linux-gnu'
host_alias=''
host_cpu='x86_64'
host_os='linux-gnu'
host_vendor='unknown'
htmldir='${docdir}'
includedir='${prefix}/include'
infodir='${datarootdir}/info'
libdir='${exec_prefix}/lib'
libexecdir='${exec_prefix}/libexec'
localedir='${datarootdir}/locale'
localstatedir='${prefix}/var'
mandir='${datarootdir}/man'
oldincludedir='/usr/include'
pdfdir='${docdir}'
prefix='/usr/local'
program_transform_name='s,x,x,'
psdir='${docdir}'
sbindir='${exec_prefix}/sbin'
sharedstatedir='${prefix}/com'
sysconfdir='${prefix}/etc'
target='x86_64-unknown-linux-gnu'
target_alias=''
target_cpu='x86_64'
target_os='linux-gnu'
target_vendor='unknown'

## ----------- ##
## confdefs.h. ##
## ----------- ##

#define PACKAGE_NAME ""
#define PACKAGE_TARNAME ""
#define PACKAGE_VERSION ""
#define PACKAGE_STRING ""
#define PACKAGE_BUGREPORT ""
#define STDC_HEADERS 1

configure: exit 0
